<?xml version="1.0" encoding="utf-8"?><testsuites name="pytest tests"><testsuite name="pytest" errors="0" failures="0" skipped="0" tests="13" time="3.921" timestamp="2026-06-09T23:36:24.192889+00:00" hostname="agent-env-7d54da45-20e5-4c7f-ab18-deedee0407d6"><testcase classname="backend.tests.backend_test.TestAuth" name="test_me_with_valid_token" time="0.182" /><testcase classname="backend.tests.backend_test.TestAuth" name="test_me_without_token" time="0.118" /><testcase classname="backend.tests.backend_test.TestAuth" name="test_me_with_invalid_token" time="0.137" /><testcase classname="backend.tests.backend_test.TestSessions" name="test_create_session" time="0.122" /><testcase classname="backend.tests.backend_test.TestSessions" name="test_list_sessions_contains_created" time="0.139" /><testcase classname="backend.tests.backend_test.TestSessions" name="test_get_messages_empty" time="0.157" /><testcase classname="backend.tests.backend_test.TestSessions" name="test_get_messages_404_for_unknown" time="0.127" /><testcase classname="backend.tests.backend_test.TestSessions" name="test_rename_session" time="0.224" /><testcase classname="backend.tests.backend_test.TestSessions" name="test_delete_session" time="0.233" /><testcase classname="backend.tests.backend_test.TestChatStream" name="test_chat_stream_flash_basic" time="1.137" /><testcase classname="backend.tests.backend_test.TestChatStream" name="test_chat_stream_pro_mode" time="0.436" /><testcase classname="backend.tests.backend_test.TestChatStream" name="test_chat_stream_grounding" time="0.478" /><testcase classname="backend.tests.backend_test.TestChatStream" name="test_chat_stream_requires_auth" time="0.358" /></testsuite></testsuites>